<?xml version="1.0" encoding="UTF-8"?>
<!-- Generated by org.testng.reporters.JUnitReportReporter -->
<testsuite hostname="DESKTOP-3SF4INA" failures="0" tests="1" name="Academy.TestAutomation.HomePageTest" time="54.429" errors="0" timestamp="2022-07-08T21:57:19 IST" skipped="0">
  <testcase classname="Academy.TestAutomation.HomePageTest" name="navigation" time="54.429"/>
  <system-out/>
</testsuite> <!-- Academy.TestAutomation.HomePageTest -->
