<?xml version="1.0" encoding="UTF-8"?>
<!-- Generated by org.testng.reporters.JUnitReportReporter -->
<testsuite skipped="0" hostname="DESKTOP-3SF4INA" name="Academy.TestAutomation.HomePageTest" tests="1" failures="0" timestamp="2022-07-13T12:33:04 IST" time="81.669" errors="0">
  <testcase name="navigation" time="81.669" classname="Academy.TestAutomation.HomePageTest"/>
  <system-out/>
</testsuite> <!-- Academy.TestAutomation.HomePageTest -->
